<?xml version="1.0" encoding="UTF-8"?>
<!-- Generated by org.testng.reporters.JUnitReportReporter -->
<testsuite skipped="0" hostname="admin" name="cn.gloryroad.testScript.TestSuiteByExcel" tests="1" failures="0" timestamp="23 三月 2018 13:54:42 GMT" time="27.150" errors="0">
  <testcase name="testTestSuite" time="27.150" classname="cn.gloryroad.testScript.TestSuiteByExcel"/>
</testsuite> <!-- cn.gloryroad.testScript.TestSuiteByExcel -->
